


ARM Macro Assembler    Page 1 


    1 00000000         ;******************** (C) COPYRIGHT 2011 STMicroelectron
                       ics ********************
    2 00000000         ;* File Name          : startup_stm32f10x_md.s
    3 00000000         ;* Author             : MCD Application Team
    4 00000000         ;* Version            : V3.5.0
    5 00000000         ;* Date               : 11-March-2011
    6 00000000         ;* Description        : STM32F10x Medium Density Devices
                        vector table for MDK-ARM 
    7 00000000         ;*                      toolchain.  
    8 00000000         ;*                      This module performs:
    9 00000000         ;*                      - Set the initial SP
   10 00000000         ;*                      - Set the initial PC == Reset_Ha
                       ndler
   11 00000000         ;*                      - Set the vector table entries w
                       ith the exceptions ISR address
   12 00000000         ;*                      - Configure the clock system
   13 00000000         ;*                      - Branches to __main in the C li
                       brary (which eventually
   14 00000000         ;*                        calls main()).
   15 00000000         ;*                      After Reset the CortexM3 process
                       or is in Thread mode,
   16 00000000         ;*                      priority is Privileged, and the 
                       Stack is set to Main.
   17 00000000         ;* <<< Use Configuration Wizard in Context Menu >>>   
   18 00000000         
   19 00000000         
   20 00000000         ;******************** (C) COPYRIGHT 2011 STMicroelectron
                       ics ********************
   21 00000000         ;* 文件名           : startup_stm32f10x_md.s
   22 00000000         ;* 作者             : MCD应用团队
   23 00000000         ;* 版本             : V3.5.0
   24 00000000         ;* 日期             : 2011年3月11日
   25 00000000         ;* 描述            : 用于MDK-ARM工具链的STM32F10
                       x中等容量设备向量表
   26 00000000         ;*                      本模块执行以下功能：
   27 00000000         ;*                      - 设置初始栈指针(SP)
   28 00000000         ;*                      - 设置初始程序计数器(PC
                       ) == Reset_Handler,  设置程序入口地址?
   29 00000000         ;*                      - 设置向量表条目与异常
                       ISR地址
   30 00000000         ;*                      - 配置时钟系统
   31 00000000         ;*                      - 跳转到C库中的__main（
                       终调用main()函数）
   32 00000000         ;*                      复位后，Cortex-M3处理器
                       于线程模式，
   33 00000000         ;*                      优先级为特权级，栈设
                       为主栈
   34 00000000         ;*  在上下文菜单中使用配置向导    
   35 00000000         
   36 00000000         
   37 00000000         ;*******************************************************
                       ************************
   38 00000000         ; THE PRESENT FIRMWARE WHICH IS FOR GUIDANCE ONLY AIMS A
                       T PROVIDING CUSTOMERS
   39 00000000         ; WITH CODING INFORMATION REGARDING THEIR PRODUCTS IN OR
                       DER FOR THEM TO SAVE TIME.
   40 00000000         ; AS A RESULT, STMICROELECTRONICS SHALL NOT BE HELD LIAB
                       LE FOR ANY DIRECT,
   41 00000000         ; INDIRECT OR CONSEQUENTIAL DAMAGES WITH RESPECT TO ANY 



ARM Macro Assembler    Page 2 


                       CLAIMS ARISING FROM THE
   42 00000000         ; CONTENT OF SUCH FIRMWARE AND/OR THE USE MADE BY CUSTOM
                       ERS OF THE CODING
   43 00000000         ; INFORMATION CONTAINED HEREIN IN CONNECTION WITH THEIR 
                       PRODUCTS.
   44 00000000         ;*******************************************************
                       ************************
   45 00000000         
   46 00000000         ;*******************************************************
                       ************************
   47 00000000         ; 本固件仅用于指导目的，旨在为客户提供
                       有关其产品的编码信息以节省时间。
   48 00000000         ; 因此，对于因使用此类固件内容和/或客
                       使用其中包含的编码信息而导致的
   49 00000000         ; 任何直接、间接或附带损失，STMICROELECTRON
                       ICS 概不负责。
   50 00000000         ;*******************************************************
                       ************************
   51 00000000         
   52 00000000         
   53 00000000         ; Amount of memory (in bytes) allocated for Stack
   54 00000000         ; Tailor this value to your application needs
   55 00000000         ; <h> Stack Configuration
   56 00000000         ;   <o> Stack Size (in Bytes) <0x0-0xFFFFFFFF:8>
   57 00000000         ; </h>
   58 00000000         
   59 00000000         
   60 00000000         ; 为栈分配的内存大小（字节）
   61 00000000         ; 根据您的应用程序需求调整此值
   62 00000000         ; <h> 栈配置
   63 00000000         ;   <o> 栈大小（字节） <0x0-0xFFFFFFFF:8>
   64 00000000         ; </h>
   65 00000000         
   66 00000000         
   67 00000000         
   68 00000000 00000400 
                       Stack_Size
                               EQU              0x00000400  ;定义栈大小为
                                                            1024字节 (0x400 =
                                                             1024)
   69 00000000         
   70 00000000                 AREA             STACK, NOINIT, READWRITE, ALIGN
=3 
                                                            ;定义栈区域，
                                                            不初始化，可
                                                            写，8字节对
                                                            
   71 00000000         Stack_Mem
                               SPACE            Stack_Size  ; 为栈分配指
                                                            大小的空间
   72 00000400         __initial_sp                         ; 栈顶指针标
                                                            ，系统启动时
                                                            使用
   73 00000400         
   74 00000400         
   75 00000400         ;*******************************************************
                       ************************
   76 00000400         ; <h> Heap Configuration
   77 00000400         ;   <o>  Heap Size (in Bytes) <0x0-0xFFFFFFFF:8>



ARM Macro Assembler    Page 3 


   78 00000400         ; </h>
   79 00000400         
   80 00000400         ; 为堆分配的内存大小（字节）
   81 00000400         ; 根据您的应用程序需求调整此值
   82 00000400         ; <h> 堆配置
   83 00000400         ;   <o> 堆大小（字节） <0x0-0xFFFFFFFF:8>
   84 00000400         ; </h>
   85 00000400         
   86 00000400         
   87 00000400         
   88 00000400 00000200 
                       Heap_Size
                               EQU              0x00000200  ; 定义堆大小
                                                            512字节 (0x200 =
                                                             512)
   89 00000400         
   90 00000400                 AREA             HEAP, NOINIT, READWRITE, ALIGN=
3 
                                                            ; 定义堆区域
                                                            不初始化，可
                                                            读写，8字节对
                                                            齐
   91 00000000         __heap_base                          ; 堆起始地址
                                                            签
   92 00000000         Heap_Mem
                               SPACE            Heap_Size   ; 为堆分配指
                                                            大小的空间
   93 00000200         __heap_limit                         ; 堆结束地址
                                                            签  
   94 00000200         
   95 00000200                 PRESERVE8                    ; 保持8字节对
                                                            
   96 00000200                 THUMB                        ; 使用Thumb指令
                                                            集
   97 00000200         
   98 00000200         
   99 00000200         ;当系统复位或上电时，Cortex-M3 内核硬件会
                       自动执行以下操作：
  100 00000200         ; 地址 0x00000000‌：硬件从该地址读取第一
                       字作为初始主栈指针(MSP)值
  101 00000200         ; 地址 0x00000004‌：硬件从该地址读取第二
                       字作为复位向量地址，跳转到 Reset_Handler
  102 00000200         
  103 00000200         ; Vector Table Mapped to Address 0 at Reset  ; 复位时
                       映射到地址0的向量表
  104 00000200                 AREA             RESET, DATA, READONLY ; 定义
                                                            读的复位向
                                                            表区域
  105 00000000                 EXPORT           __Vectors   ; 导出向量表
                                                            始地址，向里
                                                            表里声明了对
                                                            的中断方法
                                                            (使用弱符号),
                                                            在 C 文件里实
                                                            就可以了.
  106 00000000                 EXPORT           __Vectors_End ; 导出向量表
                                                            结束地址
  107 00000000                 EXPORT           __Vectors_Size ; 导出向量
                                                            大小 



ARM Macro Assembler    Page 4 


  108 00000000         
  109 00000000         
  110 00000000         ; ******************** STM32F103C8T6 中断向量表 ***
                       *****************
  111 00000000         ; 向量表起始标签，定义 在Flash 存储器的
                       始位置
  112 00000000 00000000 
                       __Vectors
                               DCD              __initial_sp ; 地址0x00000000
                                                            : 初始栈顶指
                                                            
  113 00000004 00000000        DCD              Reset_Handler ; 地址0x0000000
                                                            4: 复位处理程
                                                            
  114 00000008 00000000        DCD              NMI_Handler ; 地址0x00000008:
                                                             不可屏蔽中断
                                                            处理程序
  115 0000000C 00000000        DCD              HardFault_Handler ; 地址0x000
                                                            0000C: 硬件错误
                                                            处理程序
  116 00000010 00000000        DCD              MemManage_Handler ; 地址0x000
                                                            00010: 存储器保
                                                            护单元错误处
                                                            程序
  117 00000014 00000000        DCD              BusFault_Handler ; 地址0x0000
                                                            0014: 总线错误
                                                            理程序
  118 00000018 00000000        DCD              UsageFault_Handler ; 地址0x00
                                                            000018: 用法错
                                                            处理程序
  119 0000001C 00000000        DCD              0           ; 地址0x0000001C:
                                                             保留
  120 00000020 00000000        DCD              0           ; 地址0x00000020:
                                                             保留
  121 00000024 00000000        DCD              0           ; 地址0x00000024:
                                                             保留
  122 00000028 00000000        DCD              0           ; 地址0x00000028:
                                                             保留
  123 0000002C 00000000        DCD              SVC_Handler ; 地址0x0000002C:
                                                             系统服务调用
                                                            处理程序
  124 00000030 00000000        DCD              DebugMon_Handler ; 地址0x0000
                                                            0030: 调试监控
                                                            理程序
  125 00000034 00000000        DCD              0           ; 地址0x00000034:
                                                             保留
  126 00000038 00000000        DCD              PendSV_Handler ; 地址0x000000
                                                            38: 可挂起的系
                                                            统调用处理程
                                                            
  127 0000003C 00000000        DCD              SysTick_Handler ; 地址0x00000
                                                            03C: 系统节拍
                                                            时器处理程序
                                                            
  128 00000040         
  129 00000040         ; ********** 外部中断向量表 **********
  130 00000040 00000000        DCD              WWDG_IRQHandler ; 中断号0: 
                                                            口看门狗中
                                                            



ARM Macro Assembler    Page 5 


  131 00000044 00000000        DCD              PVD_IRQHandler ; 中断号1: 
                                                            源电压检测通
                                                            过EXTI线路检测
                                                            
  132 00000048 00000000        DCD              TAMPER_IRQHandler ; 中断号2:
                                                             篡改检测中断
                                                            
  133 0000004C 00000000        DCD              RTC_IRQHandler ; 中断号3: 
                                                            时时钟中断
  134 00000050 00000000        DCD              FLASH_IRQHandler ; 中断号4: 
                                                            Flash存储器中
                                                            
  135 00000054 00000000        DCD              RCC_IRQHandler ; 中断号5: 
                                                            位和时钟控制
                                                            器中断
  136 00000058 00000000        DCD              EXTI0_IRQHandler ; 中断号6: 
                                                            外部中断线0
  137 0000005C 00000000        DCD              EXTI1_IRQHandler ; 中断号7: 
                                                            外部中断线1
  138 00000060 00000000        DCD              EXTI2_IRQHandler ; 中断号8: 
                                                            外部中断线2
  139 00000064 00000000        DCD              EXTI3_IRQHandler ; 中断号9: 
                                                            外部中断线3
  140 00000068 00000000        DCD              EXTI4_IRQHandler ; 中断号10:
                                                             外部中断线4
  141 0000006C 00000000        DCD              DMA1_Channel1_IRQHandler ; 中
                                                            号11: DMA1通道
                                                            1中断
  142 00000070 00000000        DCD              DMA1_Channel2_IRQHandler ; 中
                                                            号12: DMA1通道
                                                            2中断
  143 00000074 00000000        DCD              DMA1_Channel3_IRQHandler ; 中
                                                            号13: DMA1通道
                                                            3中断
  144 00000078 00000000        DCD              DMA1_Channel4_IRQHandler ; 中
                                                            号14: DMA1通道
                                                            4中断
  145 0000007C 00000000        DCD              DMA1_Channel5_IRQHandler ; 中
                                                            号15: DMA1通道
                                                            5中断
  146 00000080 00000000        DCD              DMA1_Channel6_IRQHandler ; 中
                                                            号16: DMA1通道
                                                            6中断
  147 00000084 00000000        DCD              DMA1_Channel7_IRQHandler ; 中
                                                            号17: DMA1通道
                                                            7中断
  148 00000088 00000000        DCD              ADC1_2_IRQHandler ; 中断号18
                                                            : ADC1和ADC2中断
                                                            
  149 0000008C 00000000        DCD              USB_HP_CAN1_TX_IRQHandler ; 中
                                                            断号19: USB高优
                                                            先级或CAN1发送
                                                            中断
  150 00000090 00000000        DCD              USB_LP_CAN1_RX0_IRQHandler ; 
                                                            断号20: USB低
                                                            先级或CAN1接
                                                            0中断
  151 00000094 00000000        DCD              CAN1_RX1_IRQHandler ; 中断号
                                                            21: CAN1接收1中



ARM Macro Assembler    Page 6 


                                                            
  152 00000098 00000000        DCD              CAN1_SCE_IRQHandler ; 中断号
                                                            22: CAN1 SCE中断
  153 0000009C 00000000        DCD              EXTI9_5_IRQHandler ; 中断号2
                                                            3: 外部中断线9
                                                            到5
  154 000000A0 00000000        DCD              TIM1_BRK_IRQHandler ; 中断号
                                                            24: 定时器1刹
                                                            中断
  155 000000A4 00000000        DCD              TIM1_UP_IRQHandler ; 中断号2
                                                            5: 定时器1更新
                                                            中断
  156 000000A8 00000000        DCD              TIM1_TRG_COM_IRQHandler ; 中
                                                            号26: 定时器1
                                                            发和通信中
                                                            
  157 000000AC 00000000        DCD              TIM1_CC_IRQHandler ; 中断号2
                                                            7: 定时器1捕获
                                                            比较中断
  158 000000B0 00000000        DCD              TIM2_IRQHandler ; 中断号28: 
                                                            定时器2全局中
                                                            断
  159 000000B4 00000000        DCD              TIM3_IRQHandler ; 中断号29: 
                                                            定时器3全局中
                                                            断
  160 000000B8 00000000        DCD              TIM4_IRQHandler ; 中断号30: 
                                                            定时器4全局中
                                                            断
  161 000000BC 00000000        DCD              I2C1_EV_IRQHandler ; 中断号3
                                                            1: I2C1事件中断
                                                            
  162 000000C0 00000000        DCD              I2C1_ER_IRQHandler ; 中断号3
                                                            2: I2C1错误中断
                                                            
  163 000000C4 00000000        DCD              I2C2_EV_IRQHandler ; 中断号3
                                                            3: I2C2事件中断
                                                            
  164 000000C8 00000000        DCD              I2C2_ER_IRQHandler ; 中断号3
                                                            4: I2C2错误中断
                                                            
  165 000000CC 00000000        DCD              SPI1_IRQHandler ; 中断号35: 
                                                            SPI1中断
  166 000000D0 00000000        DCD              SPI2_IRQHandler ; 中断号36: 
                                                            SPI2中断
  167 000000D4 00000000        DCD              USART1_IRQHandler ; 中断号37
                                                            : USART1全局中
                                                            
  168 000000D8 00000000        DCD              USART2_IRQHandler ; 中断号38
                                                            : USART2全局中
                                                            
  169 000000DC 00000000        DCD              USART3_IRQHandler ; 中断号39
                                                            : USART3全局中
                                                            
  170 000000E0 00000000        DCD              EXTI15_10_IRQHandler ; 中断
                                                            40: 外部中断
                                                            15到10
  171 000000E4 00000000        DCD              RTCAlarm_IRQHandler ; 中断号
                                                            41: 通过EXTI线
                                                            的RTC闹钟中断



ARM Macro Assembler    Page 7 


                                                            
  172 000000E8 00000000        DCD              USBWakeUp_IRQHandler ; 中断
                                                            42: USB从挂起
                                                            态唤醒中断
  173 000000EC         __Vectors_End                        ; 向量表结束
                                                            签
  174 000000EC         
  175 000000EC         ; 计算向量表的总大小（以字节为单位）
  176 000000EC         ; 公式：向量表结束地址 - 向量表起始地址
                       
  177 000000EC 000000EC 
                       __Vectors_Size
                               EQU              __Vectors_End - __Vectors ;通
                                                            EQU指令定义
                                                            量表的总字节
                                                            大小，用于系
                                                            初始化时配
                                                            NVIC
  178 000000EC         
  179 000000EC         
  180 000000EC         
  181 000000EC         ; 定义代码段区域
  182 000000EC         ; |.text| - 代码段名称
  183 000000EC         ; CODE - 表示代码段
  184 000000EC         ; READONLY - 只读属性
  185 000000EC                 AREA             |.text|, CODE, READONLY
  186 00000000         
  187 00000000         ; 复位处理程序定义
  188 00000000         Reset_Handler
                               PROC                         ; 开始复位处
                                                            程序过程
  189 00000000                 EXPORT           Reset_Handler             [WEAK
] 
                                                            ; 弱导出复位
                                                            理程序，允许
                                                            用户重写
  190 00000000                 IMPORT           __main      ; 声明外部符
                                                            __main（C库初
                                                            化函数）
  191 00000000                 IMPORT           SystemInit  ; 声明外部符
                                                            SystemInit（系
                                                            初始化函数）
                                                            
  192 00000000 4809            LDR              R0, =SystemInit ; 将SystemInit
                                                            函数地址加载
                                                            寄存器R0
  193 00000002 4780            BLX              R0          ; 带链接的跳
                                                            ，调用SystemIni
                                                            t函数
  194 00000004 4809            LDR              R0, =__main ; 将__main函数
                                                            址加载到寄存
                                                            器R0
  195 00000006 4700            BX               R0          ; 跳转到__main
                                                            数
  196 00000008                 ENDP                         ; 结束复位处
                                                            程序过程
  197 00000008         
  198 00000008         
  199 00000008         



ARM Macro Assembler    Page 8 


  200 00000008         
  201 00000008         ;使用弱符号（WEAK）定义所有中断处理程序
                       ，允许用户在应用程序中重写实现
  202 00000008         ;所有默认处理程序都是无限循环，便于调
                       时识别未处理的中断
  203 00000008         ;包含16个内核异常和43个外设中断的默认实
                       现
  204 00000008         ;采用汇编语言编写，直接与硬件交互
  205 00000008         ;为每个中断提供独立的处理过程，确保系
                       稳定运行 
  206 00000008         
  207 00000008         ; Dummy Exception Handlers (infinite loops which can be 
                       modified)
  208 00000008         ; 虚拟异常处理程序（可修改的无限循环，
                       用于调试和错误处理）
  209 00000008         
  210 00000008         ; 不可屏蔽中断处理程序
  211 00000008         NMI_Handler
                               PROC                         ; 定义NMI处理
                                                            序过程
  212 00000008                 EXPORT           NMI_Handler                [WEA
K] 
                                                            ; 弱导出，允
                                                            用户重写实现
                                                            
  213 00000008 E7FE            B                .           ; 无限循环（
                                                            转到当前地址
                                                            ）
  214 0000000A                 ENDP                         ; 结束过程定
                                                            
  215 0000000A         
  216 0000000A         ; 硬件错误处理程序（反斜杠表示续行）
  218 0000000A         HardFault_Handler
                               PROC                         ; 定义硬件错
                                                            处理程序过程
                                                            
  219 0000000A                 EXPORT           HardFault_Handler          [WEA
K] 
                                                            ; 弱导出硬件
                                                            误处理程序
  220 0000000A E7FE            B                .           ; 无限循环
  221 0000000C                 ENDP                         ; 结束过程定
                                                            
  222 0000000C         
  223 0000000C         ; 存储器管理单元错误处理程序
  225 0000000C         MemManage_Handler
                               PROC                         ; 定义存储器
                                                            理错误处理程
                                                            序
  226 0000000C                 EXPORT           MemManage_Handler          [WEA
K] 
                                                            ; 弱导出
  227 0000000C E7FE            B                .           ; 无限循环
  228 0000000E                 ENDP                         ; 结束过程定
                                                            
  229 0000000E         
  230 0000000E         ; 总线错误处理程序
  232 0000000E         BusFault_Handler
                               PROC                         ; 定义总线错



ARM Macro Assembler    Page 9 


                                                            处理程序
  233 0000000E                 EXPORT           BusFault_Handler           [WEA
K] 
                                                            ; 弱导出
  234 0000000E E7FE            B                .           ; 无限循环
  235 00000010                 ENDP                         ; 结束过程定
                                                            
  236 00000010         
  237 00000010         ; 用法错误处理程序
  239 00000010         UsageFault_Handler
                               PROC                         ; 定义用法错
                                                            处理程序
  240 00000010                 EXPORT           UsageFault_Handler         [WEA
K] 
                                                            ; 弱导出
  241 00000010 E7FE            B                .           ; 无限循环
  242 00000012                 ENDP                         ; 结束过程定
                                                            
  243 00000012         
  244 00000012         ; 系统服务调用处理程序
  245 00000012         SVC_Handler
                               PROC                         ; 定义系统服
                                                            调用处理程序
                                                            
  246 00000012                 EXPORT           SVC_Handler                [WEA
K] 
                                                            ; 弱导出
  247 00000012 E7FE            B                .           ; 无限循环
  248 00000014                 ENDP                         ; 结束过程定
                                                            
  249 00000014         
  250 00000014         ; 调试监控处理程序
  252 00000014         DebugMon_Handler
                               PROC                         ; 定义调试监
                                                            处理程序
  253 00000014                 EXPORT           DebugMon_Handler           [WEA
K] 
                                                            ; 弱导出
  254 00000014 E7FE            B                .           ; 无限循环
  255 00000016                 ENDP                         ; 结束过程定
                                                            
  256 00000016         
  257 00000016         ; 可挂起的系统调用处理程序
  258 00000016         PendSV_Handler
                               PROC                         ; 定义可挂起
                                                            统调用处理程
                                                            序
  259 00000016                 EXPORT           PendSV_Handler             [WEA
K] 
                                                            ; 弱导出
  260 00000016 E7FE            B                .           ; 无限循环
  261 00000018                 ENDP                         ; 结束过程定
                                                            
  262 00000018         
  263 00000018         ; 系统节拍定时器处理程序
  264 00000018         SysTick_Handler
                               PROC                         ; 定义系统节
                                                            定时器处理程
                                                            序



ARM Macro Assembler    Page 10 


  265 00000018                 EXPORT           SysTick_Handler            [WEA
K] 
                                                            ; 弱导出
  266 00000018 E7FE            B                .           ; 无限循环
  267 0000001A                 ENDP                         ; 结束过程定
                                                            
  268 0000001A         
  269 0000001A         ; 默认中断处理程序
  270 0000001A         Default_Handler
                               PROC                         ; 定义默认中
                                                            处理程序过程
                                                            
  271 0000001A         
  272 0000001A         ; 导出所有外设中断处理程序（弱符号）
  273 0000001A                 EXPORT           WWDG_IRQHandler            [WEA
K] 
                                                            ; 窗口看门狗
                                                            断
  274 0000001A                 EXPORT           PVD_IRQHandler             [WEA
K] 
                                                            ; 电源电压检
                                                            中断
  275 0000001A                 EXPORT           TAMPER_IRQHandler          [WEA
K] 
                                                            ; 篡改检测中
                                                            
  276 0000001A                 EXPORT           RTC_IRQHandler             [WEA
K] 
                                                            ; 实时时钟中
                                                            
  277 0000001A                 EXPORT           FLASH_IRQHandler           [WEA
K] 
                                                            ; Flash存储器中
                                                            断
  278 0000001A                 EXPORT           RCC_IRQHandler             [WEA
K] 
                                                            ; 复位和时钟
                                                            制器中断
  279 0000001A                 EXPORT           EXTI0_IRQHandler           [WEA
K] 
                                                            ; 外部中断线0
  280 0000001A                 EXPORT           EXTI1_IRQHandler           [WEA
K] 
                                                            ; 外部中断线1
  281 0000001A                 EXPORT           EXTI2_IRQHandler           [WEA
K] 
                                                            ; 外部中断线2
  282 0000001A                 EXPORT           EXTI3_IRQHandler           [WEA
K] 
                                                            ; 外部中断线3
  283 0000001A                 EXPORT           EXTI4_IRQHandler           [WEA
K] 
                                                            ; 外部中断线4
  284 0000001A                 EXPORT           DMA1_Channel1_IRQHandler   [WEA
K] 
                                                            ; DMA1通道1中断
                                                            
  285 0000001A                 EXPORT           DMA1_Channel2_IRQHandler   [WEA
K] 



ARM Macro Assembler    Page 11 


                                                            ; DMA1通道2中断
                                                            
  286 0000001A                 EXPORT           DMA1_Channel3_IRQHandler   [WEA
K] 
                                                            ; DMA1通道3中断
                                                            
  287 0000001A                 EXPORT           DMA1_Channel4_IRQHandler   [WEA
K] 
                                                            ; DMA1通道4中断
                                                            
  288 0000001A                 EXPORT           DMA1_Channel5_IRQHandler   [WEA
K] 
                                                            ; DMA1通道5中断
                                                            
  289 0000001A                 EXPORT           DMA1_Channel6_IRQHandler   [WEA
K] 
                                                            ; DMA1通道6中断
                                                            
  290 0000001A                 EXPORT           DMA1_Channel7_IRQHandler   [WEA
K] 
                                                            ; DMA1通道7中断
                                                            
  291 0000001A                 EXPORT           ADC1_2_IRQHandler          [WEA
K] 
                                                            ; ADC1和ADC2中断
                                                            
  292 0000001A                 EXPORT           USB_HP_CAN1_TX_IRQHandler  [WEA
K] 
                                                            ; USB高优先级
                                                            CAN1发送中断
  293 0000001A                 EXPORT           USB_LP_CAN1_RX0_IRQHandler [WEA
K] 
                                                            ; USB低优先级
                                                            CAN1接收0中断
  294 0000001A                 EXPORT           CAN1_RX1_IRQHandler        [WEA
K] 
                                                            ; CAN1接收1中断
                                                            
  295 0000001A                 EXPORT           CAN1_SCE_IRQHandler        [WEA
K] 
                                                            ; CAN1 SCE中断
  296 0000001A                 EXPORT           EXTI9_5_IRQHandler         [WEA
K] 
                                                            ; 外部中断线9
                                                            5
  297 0000001A                 EXPORT           TIM1_BRK_IRQHandler        [WEA
K] 
                                                            ; 定时器1刹车
                                                            断
  298 0000001A                 EXPORT           TIM1_UP_IRQHandler         [WEA
K] 
                                                            ; 定时器1更新
                                                            断
  299 0000001A                 EXPORT           TIM1_TRG_COM_IRQHandler    [WEA
K] 
                                                            ; 定时器1触发
                                                            通信中断
  300 0000001A                 EXPORT           TIM1_CC_IRQHandler         [WEA
K] 



ARM Macro Assembler    Page 12 


                                                            ; 定时器1捕获
                                                            较中断
  301 0000001A                 EXPORT           TIM2_IRQHandler            [WEA
K] 
                                                            ; 定时器2全局
                                                            断
  302 0000001A                 EXPORT           TIM3_IRQHandler            [WEA
K] 
                                                            ; 定时器3全局
                                                            断
  303 0000001A                 EXPORT           TIM4_IRQHandler            [WEA
K] 
                                                            ; 定时器4全局
                                                            断
  304 0000001A                 EXPORT           I2C1_EV_IRQHandler         [WEA
K] 
                                                            ; I2C1事件中断
  305 0000001A                 EXPORT           I2C1_ER_IRQHandler         [WEA
K] 
                                                            ; I2C1错误中断
  306 0000001A                 EXPORT           I2C2_EV_IRQHandler         [WEA
K] 
                                                            ; I2C2事件中断
  307 0000001A                 EXPORT           I2C2_ER_IRQHandler         [WEA
K] 
                                                            ; I2C2错误中断
  308 0000001A                 EXPORT           SPI1_IRQHandler            [WEA
K] 
                                                            ; SPI1中断
  309 0000001A                 EXPORT           SPI2_IRQHandler            [WEA
K] 
                                                            ; SPI2中断
  310 0000001A                 EXPORT           USART1_IRQHandler          [WEA
K] 
                                                            ; USART1全局中
                                                            
  311 0000001A                 EXPORT           USART2_IRQHandler          [WEA
K] 
                                                            ; USART2全局中
                                                            
  312 0000001A                 EXPORT           USART3_IRQHandler          [WEA
K] 
                                                            ; USART3全局中
                                                            
  313 0000001A                 EXPORT           EXTI15_10_IRQHandler       [WEA
K] 
                                                            ; 外部中断线15
                                                            到10
  314 0000001A                 EXPORT           RTCAlarm_IRQHandler        [WEA
K] 
                                                            ; 通过EXTI线路
                                                            RTC闹钟中断
  315 0000001A                 EXPORT           USBWakeUp_IRQHandler       [WEA
K] 
                                                            ; USB从挂起状
                                                            唤醒中断
  316 0000001A         
  317 0000001A         ; 所有外设中断处理程序的实际实现标签
  318 0000001A         WWDG_IRQHandler                      ; 窗口看门狗



ARM Macro Assembler    Page 13 


                                                            断标签
  319 0000001A         PVD_IRQHandler                       ; 电源电压检
                                                            中断标签
  320 0000001A         TAMPER_IRQHandler                    ; 篡改检测中
                                                            标签
  321 0000001A         RTC_IRQHandler                       ; 实时时钟中
                                                            标签
  322 0000001A         FLASH_IRQHandler                     ; Flash存储器中
                                                            断标签
  323 0000001A         RCC_IRQHandler                       ; 复位和时钟
                                                            制器中断标签
                                                            
  324 0000001A         EXTI0_IRQHandler                     ; 外部中断线0
                                                            签
  325 0000001A         EXTI1_IRQHandler                     ; 外部中断线1
                                                            签
  326 0000001A         EXTI2_IRQHandler                     ; 外部中断线2
                                                            签
  327 0000001A         EXTI3_IRQHandler                     ; 外部中断线3
                                                            签
  328 0000001A         EXTI4_IRQHandler                     ; 外部中断线4
                                                            签
  329 0000001A         DMA1_Channel1_IRQHandler             ; DMA1通道1中断
                                                            标签
  330 0000001A         DMA1_Channel2_IRQHandler             ; DMA1通道2中断
                                                            标签
  331 0000001A         DMA1_Channel3_IRQHandler             ; DMA1通道3中断
                                                            标签
  332 0000001A         DMA1_Channel4_IRQHandler             ; DMA1通道4中断
                                                            标签
  333 0000001A         DMA1_Channel5_IRQHandler             ; DMA1通道5中断
                                                            标签
  334 0000001A         DMA1_Channel6_IRQHandler             ; DMA1通道6中断
                                                            标签
  335 0000001A         DMA1_Channel7_IRQHandler             ; DMA1通道7中断
                                                            标签
  336 0000001A         ADC1_2_IRQHandler                    ; ADC1和ADC2中断
                                                            标签
  337 0000001A         USB_HP_CAN1_TX_IRQHandler            ; USB高优先级
                                                            CAN1发送中断
                                                            签
  338 0000001A         USB_LP_CAN1_RX0_IRQHandler           ; USB低优先级
                                                            CAN1接收0中断
                                                            签
  339 0000001A         CAN1_RX1_IRQHandler                  ; CAN1接收1中断
                                                            标签
  340 0000001A         CAN1_SCE_IRQHandler                  ; CAN1 SCE中断标
                                                            签
  341 0000001A         EXTI9_5_IRQHandler                   ; 外部中断线9
                                                            5标签
  342 0000001A         TIM1_BRK_IRQHandler                  ; 定时器1刹车
                                                            断标签
  343 0000001A         TIM1_UP_IRQHandler                   ; 定时器1更新
                                                            断标签
  344 0000001A         TIM1_TRG_COM_IRQHandler              ; 定时器1触发
                                                            通信中断标
                                                            
  345 0000001A         TIM1_CC_IRQHandler                   ; 定时器1捕获
                                                            较中断标签



ARM Macro Assembler    Page 14 


  346 0000001A         TIM2_IRQHandler                      ; 定时器2全局
                                                            断标签
  347 0000001A         TIM3_IRQHandler                      ; 定时器3全局
                                                            断标签
  348 0000001A         TIM4_IRQHandler                      ; 定时器4全局
                                                            断标签
  349 0000001A         I2C1_EV_IRQHandler                   ; I2C1事件中断
                                                            签
  350 0000001A         I2C1_ER_IRQHandler                   ; I2C1错误中断
                                                            签
  351 0000001A         I2C2_EV_IRQHandler                   ; I2C2事件中断
                                                            签
  352 0000001A         I2C2_ER_IRQHandler                   ; I2C2错误中断
                                                            签
  353 0000001A         SPI1_IRQHandler                      ; SPI1中断标签
  354 0000001A         SPI2_IRQHandler                      ; SPI2中断标签
  355 0000001A         USART1_IRQHandler                    ; USART1全局中
                                                            标签
  356 0000001A         USART2_IRQHandler                    ; USART2全局中
                                                            标签
  357 0000001A         USART3_IRQHandler                    ; USART3全局中
                                                            标签
  358 0000001A         EXTI15_10_IRQHandler                 ; 外部中断线15
                                                            到10标签
  359 0000001A         RTCAlarm_IRQHandler                  ; 通过EXTI线路
                                                            RTC闹钟中断
                                                            签
  360 0000001A         USBWakeUp_IRQHandler                 ; USB从挂起状
                                                            唤醒中断标签
                                                            
  361 0000001A         
  362 0000001A E7FE            B                .           ; 默认无限循
                                                            （所有未实现
                                                            的中断都会跳
                                                            到这里）
  363 0000001C         
  364 0000001C                 ENDP                         ; 结束默认处
                                                            程序过程
  365 0000001C         
  366 0000001C                 ALIGN                        ; 确保代码按
                                                            对齐
  367 0000001C         
  368 0000001C         
  369 0000001C         
  370 0000001C         ;*******************************************************
                       ************************
  371 0000001C         ; 用户栈和堆的初始化
  372 0000001C         ;条件编译机制‌：根据是否使用微库（MICR
                       OLIB）选择不同的内存管理策略
  373 0000001C         ;微库模式‌：直接导出栈和堆的边界符号
                       由微库负责内存管理
  374 0000001C         ;标准库模式‌：实现__user_initial_stackheap函
                       ，返回栈和堆的配置参数
  375 0000001C         ;内存布局配置‌：
  376 0000001C         ; R0 = 堆起始地址
  377 0000001C         ; R1 = 栈结束地址（栈底）
  378 0000001C         ; R2 = 堆结束地址
  379 0000001C         ; R3 = 栈起始地址（栈顶）
  380 0000001C         ;系统兼容性‌：确保与不同C库的内存管理



ARM Macro Assembler    Page 15 


                       机制兼容
  381 0000001C         ;函数返回值‌：通过BX LR指令返回调用者
                       完成栈堆初始化
  382 0000001C         
  383 0000001C         ;*******************************************************
                       ************************
  384 0000001C                 IF               :DEF:__MICROLIB ; 如果定义
                                                            __MICROLIB宏（
                                                            用微库）
  391 0000001C         
  392 0000001C                 IMPORT           __use_two_region_memory ; 导
                                                            双区域内存管
                                                            理符号
  393 0000001C                 EXPORT           __user_initial_stackheap ; 导
                                                            用户初始栈
                                                            设置函数
  394 0000001C         
  395 0000001C         __user_initial_stackheap             ; 用户初始栈
                                                            设置函数标签
                                                            
  396 0000001C         
  397 0000001C 4804            LDR              R0, =  Heap_Mem ; 将堆起始
                                                            址加载到寄
                                                            器R0
  398 0000001E 4905            LDR              R1, =(Stack_Mem + Stack_Size) ;
                                                             将栈结束地址
                                                            （栈底）加载
                                                            R1
  399 00000020 4A05            LDR              R2, = (Heap_Mem +  Heap_Size) ;
                                                             将堆结束地址
                                                            加载到R2
  400 00000022 4B06            LDR              R3, = Stack_Mem ; 将栈起始
                                                            址加载到R3
  401 00000024 4770            BX               LR          ; 返回调用者
                                                            链接寄存器）
                                                            
  402 00000026         
  403 00000026 00 00           ALIGN                        ; 确保代码按
                                                            对齐
  404 00000028         
  405 00000028                 ENDIF                        ; 结束条件编
                                                            块
  406 00000028         
  407 00000028                 END                          ; 文件结束标
                                                            
              00000000 
              00000000 
              00000000 
              00000400 
              00000200 
              00000000 
Command Line: --debug --xref --diag_suppress=9931 --cpu=Cortex-M3 --apcs=interw
ork --depend=.\objects\startup_stm32f10x_md.d -o.\objects\startup_stm32f10x_md.
o -I.\RTE\_Target_1 -IC:\Keil_v5\ARM\PACK\Keil\STM32F1xx_DFP\2.3.0\Device\Inclu
de -IC:\Keil_v5\ARM\CMSIS\Include --predefine="__UVISION_VERSION SETA 527" --pr
edefine="STM32F10X_MD SETA 1" --list=.\listings\startup_stm32f10x_md.lst Start\
startup_stm32f10x_md.s



ARM Macro Assembler    Page 1 Alphabetic symbol ordering
Relocatable symbols

STACK 00000000

Symbol: STACK
   Definitions
      At line 70 in file Start\startup_stm32f10x_md.s
   Uses
      None
Comment: STACK unused
Stack_Mem 00000000

Symbol: Stack_Mem
   Definitions
      At line 71 in file Start\startup_stm32f10x_md.s
   Uses
      At line 398 in file Start\startup_stm32f10x_md.s
      At line 400 in file Start\startup_stm32f10x_md.s

__initial_sp 00000400

Symbol: __initial_sp
   Definitions
      At line 72 in file Start\startup_stm32f10x_md.s
   Uses
      At line 112 in file Start\startup_stm32f10x_md.s
Comment: __initial_sp used once
3 symbols



ARM Macro Assembler    Page 1 Alphabetic symbol ordering
Relocatable symbols

HEAP 00000000

Symbol: HEAP
   Definitions
      At line 90 in file Start\startup_stm32f10x_md.s
   Uses
      None
Comment: HEAP unused
Heap_Mem 00000000

Symbol: Heap_Mem
   Definitions
      At line 92 in file Start\startup_stm32f10x_md.s
   Uses
      At line 397 in file Start\startup_stm32f10x_md.s
      At line 399 in file Start\startup_stm32f10x_md.s

__heap_base 00000000

Symbol: __heap_base
   Definitions
      At line 91 in file Start\startup_stm32f10x_md.s
   Uses
      None
Comment: __heap_base unused
__heap_limit 00000200

Symbol: __heap_limit
   Definitions
      At line 93 in file Start\startup_stm32f10x_md.s
   Uses
      None
Comment: __heap_limit unused
4 symbols



ARM Macro Assembler    Page 1 Alphabetic symbol ordering
Relocatable symbols

RESET 00000000

Symbol: RESET
   Definitions
      At line 104 in file Start\startup_stm32f10x_md.s
   Uses
      None
Comment: RESET unused
__Vectors 00000000

Symbol: __Vectors
   Definitions
      At line 112 in file Start\startup_stm32f10x_md.s
   Uses
      At line 105 in file Start\startup_stm32f10x_md.s
      At line 177 in file Start\startup_stm32f10x_md.s

__Vectors_End 000000EC

Symbol: __Vectors_End
   Definitions
      At line 173 in file Start\startup_stm32f10x_md.s
   Uses
      At line 106 in file Start\startup_stm32f10x_md.s
      At line 177 in file Start\startup_stm32f10x_md.s

3 symbols



ARM Macro Assembler    Page 1 Alphabetic symbol ordering
Relocatable symbols

.text 00000000

Symbol: .text
   Definitions
      At line 185 in file Start\startup_stm32f10x_md.s
   Uses
      None
Comment: .text unused
ADC1_2_IRQHandler 0000001A

Symbol: ADC1_2_IRQHandler
   Definitions
      At line 336 in file Start\startup_stm32f10x_md.s
   Uses
      At line 148 in file Start\startup_stm32f10x_md.s
      At line 291 in file Start\startup_stm32f10x_md.s

BusFault_Handler 0000000E

Symbol: BusFault_Handler
   Definitions
      At line 232 in file Start\startup_stm32f10x_md.s
   Uses
      At line 117 in file Start\startup_stm32f10x_md.s
      At line 233 in file Start\startup_stm32f10x_md.s

CAN1_RX1_IRQHandler 0000001A

Symbol: CAN1_RX1_IRQHandler
   Definitions
      At line 339 in file Start\startup_stm32f10x_md.s
   Uses
      At line 151 in file Start\startup_stm32f10x_md.s
      At line 294 in file Start\startup_stm32f10x_md.s

CAN1_SCE_IRQHandler 0000001A

Symbol: CAN1_SCE_IRQHandler
   Definitions
      At line 340 in file Start\startup_stm32f10x_md.s
   Uses
      At line 152 in file Start\startup_stm32f10x_md.s
      At line 295 in file Start\startup_stm32f10x_md.s

DMA1_Channel1_IRQHandler 0000001A

Symbol: DMA1_Channel1_IRQHandler
   Definitions
      At line 329 in file Start\startup_stm32f10x_md.s
   Uses
      At line 141 in file Start\startup_stm32f10x_md.s
      At line 284 in file Start\startup_stm32f10x_md.s

DMA1_Channel2_IRQHandler 0000001A

Symbol: DMA1_Channel2_IRQHandler
   Definitions
      At line 330 in file Start\startup_stm32f10x_md.s
   Uses



ARM Macro Assembler    Page 2 Alphabetic symbol ordering
Relocatable symbols

      At line 142 in file Start\startup_stm32f10x_md.s
      At line 285 in file Start\startup_stm32f10x_md.s

DMA1_Channel3_IRQHandler 0000001A

Symbol: DMA1_Channel3_IRQHandler
   Definitions
      At line 331 in file Start\startup_stm32f10x_md.s
   Uses
      At line 143 in file Start\startup_stm32f10x_md.s
      At line 286 in file Start\startup_stm32f10x_md.s

DMA1_Channel4_IRQHandler 0000001A

Symbol: DMA1_Channel4_IRQHandler
   Definitions
      At line 332 in file Start\startup_stm32f10x_md.s
   Uses
      At line 144 in file Start\startup_stm32f10x_md.s
      At line 287 in file Start\startup_stm32f10x_md.s

DMA1_Channel5_IRQHandler 0000001A

Symbol: DMA1_Channel5_IRQHandler
   Definitions
      At line 333 in file Start\startup_stm32f10x_md.s
   Uses
      At line 145 in file Start\startup_stm32f10x_md.s
      At line 288 in file Start\startup_stm32f10x_md.s

DMA1_Channel6_IRQHandler 0000001A

Symbol: DMA1_Channel6_IRQHandler
   Definitions
      At line 334 in file Start\startup_stm32f10x_md.s
   Uses
      At line 146 in file Start\startup_stm32f10x_md.s
      At line 289 in file Start\startup_stm32f10x_md.s

DMA1_Channel7_IRQHandler 0000001A

Symbol: DMA1_Channel7_IRQHandler
   Definitions
      At line 335 in file Start\startup_stm32f10x_md.s
   Uses
      At line 147 in file Start\startup_stm32f10x_md.s
      At line 290 in file Start\startup_stm32f10x_md.s

DebugMon_Handler 00000014

Symbol: DebugMon_Handler
   Definitions
      At line 252 in file Start\startup_stm32f10x_md.s
   Uses
      At line 124 in file Start\startup_stm32f10x_md.s
      At line 253 in file Start\startup_stm32f10x_md.s

Default_Handler 0000001A




ARM Macro Assembler    Page 3 Alphabetic symbol ordering
Relocatable symbols

Symbol: Default_Handler
   Definitions
      At line 270 in file Start\startup_stm32f10x_md.s
   Uses
      None
Comment: Default_Handler unused
EXTI0_IRQHandler 0000001A

Symbol: EXTI0_IRQHandler
   Definitions
      At line 324 in file Start\startup_stm32f10x_md.s
   Uses
      At line 136 in file Start\startup_stm32f10x_md.s
      At line 279 in file Start\startup_stm32f10x_md.s

EXTI15_10_IRQHandler 0000001A

Symbol: EXTI15_10_IRQHandler
   Definitions
      At line 358 in file Start\startup_stm32f10x_md.s
   Uses
      At line 170 in file Start\startup_stm32f10x_md.s
      At line 313 in file Start\startup_stm32f10x_md.s

EXTI1_IRQHandler 0000001A

Symbol: EXTI1_IRQHandler
   Definitions
      At line 325 in file Start\startup_stm32f10x_md.s
   Uses
      At line 137 in file Start\startup_stm32f10x_md.s
      At line 280 in file Start\startup_stm32f10x_md.s

EXTI2_IRQHandler 0000001A

Symbol: EXTI2_IRQHandler
   Definitions
      At line 326 in file Start\startup_stm32f10x_md.s
   Uses
      At line 138 in file Start\startup_stm32f10x_md.s
      At line 281 in file Start\startup_stm32f10x_md.s

EXTI3_IRQHandler 0000001A

Symbol: EXTI3_IRQHandler
   Definitions
      At line 327 in file Start\startup_stm32f10x_md.s
   Uses
      At line 139 in file Start\startup_stm32f10x_md.s
      At line 282 in file Start\startup_stm32f10x_md.s

EXTI4_IRQHandler 0000001A

Symbol: EXTI4_IRQHandler
   Definitions
      At line 328 in file Start\startup_stm32f10x_md.s
   Uses
      At line 140 in file Start\startup_stm32f10x_md.s
      At line 283 in file Start\startup_stm32f10x_md.s



ARM Macro Assembler    Page 4 Alphabetic symbol ordering
Relocatable symbols


EXTI9_5_IRQHandler 0000001A

Symbol: EXTI9_5_IRQHandler
   Definitions
      At line 341 in file Start\startup_stm32f10x_md.s
   Uses
      At line 153 in file Start\startup_stm32f10x_md.s
      At line 296 in file Start\startup_stm32f10x_md.s

FLASH_IRQHandler 0000001A

Symbol: FLASH_IRQHandler
   Definitions
      At line 322 in file Start\startup_stm32f10x_md.s
   Uses
      At line 134 in file Start\startup_stm32f10x_md.s
      At line 277 in file Start\startup_stm32f10x_md.s

HardFault_Handler 0000000A

Symbol: HardFault_Handler
   Definitions
      At line 218 in file Start\startup_stm32f10x_md.s
   Uses
      At line 115 in file Start\startup_stm32f10x_md.s
      At line 219 in file Start\startup_stm32f10x_md.s

I2C1_ER_IRQHandler 0000001A

Symbol: I2C1_ER_IRQHandler
   Definitions
      At line 350 in file Start\startup_stm32f10x_md.s
   Uses
      At line 162 in file Start\startup_stm32f10x_md.s
      At line 305 in file Start\startup_stm32f10x_md.s

I2C1_EV_IRQHandler 0000001A

Symbol: I2C1_EV_IRQHandler
   Definitions
      At line 349 in file Start\startup_stm32f10x_md.s
   Uses
      At line 161 in file Start\startup_stm32f10x_md.s
      At line 304 in file Start\startup_stm32f10x_md.s

I2C2_ER_IRQHandler 0000001A

Symbol: I2C2_ER_IRQHandler
   Definitions
      At line 352 in file Start\startup_stm32f10x_md.s
   Uses
      At line 164 in file Start\startup_stm32f10x_md.s
      At line 307 in file Start\startup_stm32f10x_md.s

I2C2_EV_IRQHandler 0000001A

Symbol: I2C2_EV_IRQHandler
   Definitions



ARM Macro Assembler    Page 5 Alphabetic symbol ordering
Relocatable symbols

      At line 351 in file Start\startup_stm32f10x_md.s
   Uses
      At line 163 in file Start\startup_stm32f10x_md.s
      At line 306 in file Start\startup_stm32f10x_md.s

MemManage_Handler 0000000C

Symbol: MemManage_Handler
   Definitions
      At line 225 in file Start\startup_stm32f10x_md.s
   Uses
      At line 116 in file Start\startup_stm32f10x_md.s
      At line 226 in file Start\startup_stm32f10x_md.s

NMI_Handler 00000008

Symbol: NMI_Handler
   Definitions
      At line 211 in file Start\startup_stm32f10x_md.s
   Uses
      At line 114 in file Start\startup_stm32f10x_md.s
      At line 212 in file Start\startup_stm32f10x_md.s

PVD_IRQHandler 0000001A

Symbol: PVD_IRQHandler
   Definitions
      At line 319 in file Start\startup_stm32f10x_md.s
   Uses
      At line 131 in file Start\startup_stm32f10x_md.s
      At line 274 in file Start\startup_stm32f10x_md.s

PendSV_Handler 00000016

Symbol: PendSV_Handler
   Definitions
      At line 258 in file Start\startup_stm32f10x_md.s
   Uses
      At line 126 in file Start\startup_stm32f10x_md.s
      At line 259 in file Start\startup_stm32f10x_md.s

RCC_IRQHandler 0000001A

Symbol: RCC_IRQHandler
   Definitions
      At line 323 in file Start\startup_stm32f10x_md.s
   Uses
      At line 135 in file Start\startup_stm32f10x_md.s
      At line 278 in file Start\startup_stm32f10x_md.s

RTCAlarm_IRQHandler 0000001A

Symbol: RTCAlarm_IRQHandler
   Definitions
      At line 359 in file Start\startup_stm32f10x_md.s
   Uses
      At line 171 in file Start\startup_stm32f10x_md.s
      At line 314 in file Start\startup_stm32f10x_md.s




ARM Macro Assembler    Page 6 Alphabetic symbol ordering
Relocatable symbols

RTC_IRQHandler 0000001A

Symbol: RTC_IRQHandler
   Definitions
      At line 321 in file Start\startup_stm32f10x_md.s
   Uses
      At line 133 in file Start\startup_stm32f10x_md.s
      At line 276 in file Start\startup_stm32f10x_md.s

Reset_Handler 00000000

Symbol: Reset_Handler
   Definitions
      At line 188 in file Start\startup_stm32f10x_md.s
   Uses
      At line 113 in file Start\startup_stm32f10x_md.s
      At line 189 in file Start\startup_stm32f10x_md.s

SPI1_IRQHandler 0000001A

Symbol: SPI1_IRQHandler
   Definitions
      At line 353 in file Start\startup_stm32f10x_md.s
   Uses
      At line 165 in file Start\startup_stm32f10x_md.s
      At line 308 in file Start\startup_stm32f10x_md.s

SPI2_IRQHandler 0000001A

Symbol: SPI2_IRQHandler
   Definitions
      At line 354 in file Start\startup_stm32f10x_md.s
   Uses
      At line 166 in file Start\startup_stm32f10x_md.s
      At line 309 in file Start\startup_stm32f10x_md.s

SVC_Handler 00000012

Symbol: SVC_Handler
   Definitions
      At line 245 in file Start\startup_stm32f10x_md.s
   Uses
      At line 123 in file Start\startup_stm32f10x_md.s
      At line 246 in file Start\startup_stm32f10x_md.s

SysTick_Handler 00000018

Symbol: SysTick_Handler
   Definitions
      At line 264 in file Start\startup_stm32f10x_md.s
   Uses
      At line 127 in file Start\startup_stm32f10x_md.s
      At line 265 in file Start\startup_stm32f10x_md.s

TAMPER_IRQHandler 0000001A

Symbol: TAMPER_IRQHandler
   Definitions
      At line 320 in file Start\startup_stm32f10x_md.s



ARM Macro Assembler    Page 7 Alphabetic symbol ordering
Relocatable symbols

   Uses
      At line 132 in file Start\startup_stm32f10x_md.s
      At line 275 in file Start\startup_stm32f10x_md.s

TIM1_BRK_IRQHandler 0000001A

Symbol: TIM1_BRK_IRQHandler
   Definitions
      At line 342 in file Start\startup_stm32f10x_md.s
   Uses
      At line 154 in file Start\startup_stm32f10x_md.s
      At line 297 in file Start\startup_stm32f10x_md.s

TIM1_CC_IRQHandler 0000001A

Symbol: TIM1_CC_IRQHandler
   Definitions
      At line 345 in file Start\startup_stm32f10x_md.s
   Uses
      At line 157 in file Start\startup_stm32f10x_md.s
      At line 300 in file Start\startup_stm32f10x_md.s

TIM1_TRG_COM_IRQHandler 0000001A

Symbol: TIM1_TRG_COM_IRQHandler
   Definitions
      At line 344 in file Start\startup_stm32f10x_md.s
   Uses
      At line 156 in file Start\startup_stm32f10x_md.s
      At line 299 in file Start\startup_stm32f10x_md.s

TIM1_UP_IRQHandler 0000001A

Symbol: TIM1_UP_IRQHandler
   Definitions
      At line 343 in file Start\startup_stm32f10x_md.s
   Uses
      At line 155 in file Start\startup_stm32f10x_md.s
      At line 298 in file Start\startup_stm32f10x_md.s

TIM2_IRQHandler 0000001A

Symbol: TIM2_IRQHandler
   Definitions
      At line 346 in file Start\startup_stm32f10x_md.s
   Uses
      At line 158 in file Start\startup_stm32f10x_md.s
      At line 301 in file Start\startup_stm32f10x_md.s

TIM3_IRQHandler 0000001A

Symbol: TIM3_IRQHandler
   Definitions
      At line 347 in file Start\startup_stm32f10x_md.s
   Uses
      At line 159 in file Start\startup_stm32f10x_md.s
      At line 302 in file Start\startup_stm32f10x_md.s

TIM4_IRQHandler 0000001A



ARM Macro Assembler    Page 8 Alphabetic symbol ordering
Relocatable symbols


Symbol: TIM4_IRQHandler
   Definitions
      At line 348 in file Start\startup_stm32f10x_md.s
   Uses
      At line 160 in file Start\startup_stm32f10x_md.s
      At line 303 in file Start\startup_stm32f10x_md.s

USART1_IRQHandler 0000001A

Symbol: USART1_IRQHandler
   Definitions
      At line 355 in file Start\startup_stm32f10x_md.s
   Uses
      At line 167 in file Start\startup_stm32f10x_md.s
      At line 310 in file Start\startup_stm32f10x_md.s

USART2_IRQHandler 0000001A

Symbol: USART2_IRQHandler
   Definitions
      At line 356 in file Start\startup_stm32f10x_md.s
   Uses
      At line 168 in file Start\startup_stm32f10x_md.s
      At line 311 in file Start\startup_stm32f10x_md.s

USART3_IRQHandler 0000001A

Symbol: USART3_IRQHandler
   Definitions
      At line 357 in file Start\startup_stm32f10x_md.s
   Uses
      At line 169 in file Start\startup_stm32f10x_md.s
      At line 312 in file Start\startup_stm32f10x_md.s

USBWakeUp_IRQHandler 0000001A

Symbol: USBWakeUp_IRQHandler
   Definitions
      At line 360 in file Start\startup_stm32f10x_md.s
   Uses
      At line 172 in file Start\startup_stm32f10x_md.s
      At line 315 in file Start\startup_stm32f10x_md.s

USB_HP_CAN1_TX_IRQHandler 0000001A

Symbol: USB_HP_CAN1_TX_IRQHandler
   Definitions
      At line 337 in file Start\startup_stm32f10x_md.s
   Uses
      At line 149 in file Start\startup_stm32f10x_md.s
      At line 292 in file Start\startup_stm32f10x_md.s

USB_LP_CAN1_RX0_IRQHandler 0000001A

Symbol: USB_LP_CAN1_RX0_IRQHandler
   Definitions
      At line 338 in file Start\startup_stm32f10x_md.s
   Uses



ARM Macro Assembler    Page 9 Alphabetic symbol ordering
Relocatable symbols

      At line 150 in file Start\startup_stm32f10x_md.s
      At line 293 in file Start\startup_stm32f10x_md.s

UsageFault_Handler 00000010

Symbol: UsageFault_Handler
   Definitions
      At line 239 in file Start\startup_stm32f10x_md.s
   Uses
      At line 118 in file Start\startup_stm32f10x_md.s
      At line 240 in file Start\startup_stm32f10x_md.s

WWDG_IRQHandler 0000001A

Symbol: WWDG_IRQHandler
   Definitions
      At line 318 in file Start\startup_stm32f10x_md.s
   Uses
      At line 130 in file Start\startup_stm32f10x_md.s
      At line 273 in file Start\startup_stm32f10x_md.s

__user_initial_stackheap 0000001C

Symbol: __user_initial_stackheap
   Definitions
      At line 395 in file Start\startup_stm32f10x_md.s
   Uses
      At line 393 in file Start\startup_stm32f10x_md.s
Comment: __user_initial_stackheap used once
56 symbols



ARM Macro Assembler    Page 1 Alphabetic symbol ordering
Absolute symbols

Heap_Size 00000200

Symbol: Heap_Size
   Definitions
      At line 88 in file Start\startup_stm32f10x_md.s
   Uses
      At line 92 in file Start\startup_stm32f10x_md.s
      At line 399 in file Start\startup_stm32f10x_md.s

Stack_Size 00000400

Symbol: Stack_Size
   Definitions
      At line 68 in file Start\startup_stm32f10x_md.s
   Uses
      At line 71 in file Start\startup_stm32f10x_md.s
      At line 398 in file Start\startup_stm32f10x_md.s

__Vectors_Size 000000EC

Symbol: __Vectors_Size
   Definitions
      At line 177 in file Start\startup_stm32f10x_md.s
   Uses
      At line 107 in file Start\startup_stm32f10x_md.s
Comment: __Vectors_Size used once
3 symbols



ARM Macro Assembler    Page 1 Alphabetic symbol ordering
External symbols

SystemInit 00000000

Symbol: SystemInit
   Definitions
      At line 191 in file Start\startup_stm32f10x_md.s
   Uses
      At line 192 in file Start\startup_stm32f10x_md.s
Comment: SystemInit used once
__main 00000000

Symbol: __main
   Definitions
      At line 190 in file Start\startup_stm32f10x_md.s
   Uses
      At line 194 in file Start\startup_stm32f10x_md.s
Comment: __main used once
__use_two_region_memory 00000000

Symbol: __use_two_region_memory
   Definitions
      At line 392 in file Start\startup_stm32f10x_md.s
   Uses
      None
Comment: __use_two_region_memory unused
3 symbols
408 symbols in table
